#
# There is insufficient memory for the Java Runtime Environment to continue.
# Native memory allocation (mmap) failed to map 67108864 bytes for Failed to commit area from 0x00000000c1400000 to 0x00000000c5400000 of length 67108864.
# Possible reasons:
#   The system is out of physical RAM or swap space
#   The process is running with CompressedOops enabled, and the Java Heap may be blocking the growth of the native heap
# Possible solutions:
#   Reduce memory load on the system
#   Increase physical memory or swap space
#   Check if swap backing store is full
#   Decrease Java heap size (-Xmx/-Xms)
#   Decrease number of Java threads
#   Decrease Java thread stack sizes (-Xss)
#   Set larger code cache with -XX:ReservedCodeCacheSize=
# This output file may be truncated or incomplete.
#
#  Out of Memory Error (./open/src/hotspot/os/windows/os_windows.cpp:3273), pid=21840, tid=16924
#
# JRE version:  (11.0.10+8) (build )
# Java VM: Java HotSpot(TM) 64-Bit Server VM (11.0.10+8-LTS-162, mixed mode, sharing, tiered, compressed oops, g1 gc, windows-amd64)
# No core dump will be written. Minidumps are not enabled by default on client versions of Windows
#

---------------  S U M M A R Y ------------

Command Line: -Dfile.encoding=windows-1252 mvc.DrawingApp

Host: Intel(R) Core(TM) i3-5005U CPU @ 2.00GHz, 4 cores, 3G,  Windows 10 , 64 bit Build 19041 (10.0.19041.3155)
Time: Sat Sep  2 17:17:11 2023 Central Europe Daylight Time elapsed time: 0.083792 seconds (0d 0h 0m 0s)

---------------  T H R E A D  ---------------

Current thread (0x000001a5e66b5000):  JavaThread "Unknown thread" [_thread_in_vm, id=16924, stack(0x00000082c8300000,0x00000082c8400000)]

Stack: [0x00000082c8300000,0x00000082c8400000]
Native frames: (J=compiled Java code, j=interpreted, Vv=VM code, C=native code)
V  [jvm.dll+0x613e6a]
V  [jvm.dll+0x74c1ff]
V  [jvm.dll+0x74d885]
V  [jvm.dll+0x74df03]
V  [jvm.dll+0x243b78]
V  [jvm.dll+0x61125a]
V  [jvm.dll+0x606165]
V  [jvm.dll+0x2f85fc]
V  [jvm.dll+0x2f8482]
V  [jvm.dll+0x2fd136]
V  [jvm.dll+0x33f6bf]
V  [jvm.dll+0x33f0f0]
V  [jvm.dll+0x2d5d08]
V  [jvm.dll+0x2d6e66]
V  [jvm.dll+0x727d17]
V  [jvm.dll+0x7295bf]
V  [jvm.dll+0x34c4a9]
V  [jvm.dll+0x70d6b0]
V  [jvm.dll+0x3b584f]
V  [jvm.dll+0x3b7951]
C  [jli.dll+0x520b]
C  [ucrtbase.dll+0x21bb2]
C  [KERNEL32.DLL+0x17614]
C  [ntdll.dll+0x526b1]


---------------  P R O C E S S  ---------------

Threads class SMR info:
_java_thread_list=0x000001a5e459cb60, length=0, elements={
}

Java Threads: ( => current thread )

Other Threads:
  0x000001a5e66cb000 GCTaskThread "GC Thread#0" [stack: 0x00000082c8400000,0x00000082c8500000] [id=18776]
  0x000001a5e66e4800 ConcurrentGCThread "G1 Main Marker" [stack: 0x00000082c8500000,0x00000082c8600000] [id=18424]
  0x000001a5e66e9800 ConcurrentGCThread "G1 Conc#0" [stack: 0x00000082c8600000,0x00000082c8700000] [id=15444]

[error occurred during error reporting (printing all threads), id 0xc0000005, EXCEPTION_ACCESS_VIOLATION (0xc0000005) at pc=0x00007ffbe3f74f57]

VM state:not at safepoint (not fully initialized)

VM Mutex/Monitor currently owned by a thread:  ([mutex/lock_event])
[0x000001a5e66b0ab0] Heap_lock - owner thread: 0x000001a5e66b5000

Heap address: 0x00000000c1400000, size: 1004 MB, Compressed Oops mode: Non-zero based: 0x00000000c1400000
Narrow klass base: 0x0000000000000000, Narrow klass shift: 0

GC Heap History (0 events):
No events

Deoptimization events (0 events):
No events

Classes redefined (0 events):
No events

Internal exceptions (0 events):
No events

Events (0 events):
No events


Dynamic libraries:
0x00007ff78ba20000 - 0x00007ff78ba2f000 	C:\Program Files\Java\jdk-11.0.10\bin\javaw.exe
0x00007ffc49bd0000 - 0x00007ffc49dc8000 	C:\WINDOWS\SYSTEM32\ntdll.dll
0x00007ffc48600000 - 0x00007ffc486bf000 	C:\WINDOWS\System32\KERNEL32.DLL
0x00007ffc47930000 - 0x00007ffc47c26000 	C:\WINDOWS\System32\KERNELBASE.dll
0x00007ffc44410000 - 0x00007ffc444a1000 	C:\WINDOWS\SYSTEM32\apphelp.dll
0x00007ffc472b0000 - 0x00007ffc473b0000 	C:\WINDOWS\System32\ucrtbase.dll
0x00007ffc3cc80000 - 0x00007ffc3cc98000 	C:\Program Files\Java\jdk-11.0.10\bin\jli.dll
0x00007ffc48730000 - 0x00007ffc487df000 	C:\WINDOWS\System32\ADVAPI32.dll
0x00007ffc487e0000 - 0x00007ffc4887e000 	C:\WINDOWS\System32\msvcrt.dll
0x00007ffc48df0000 - 0x00007ffc48e8c000 	C:\WINDOWS\System32\sechost.dll
0x00007ffc48b20000 - 0x00007ffc48c46000 	C:\WINDOWS\System32\RPCRT4.dll
0x00007ffc36100000 - 0x00007ffc36115000 	C:\Program Files\Java\jdk-11.0.10\bin\VCRUNTIME140.dll
0x00007ffc48310000 - 0x00007ffc484ad000 	C:\WINDOWS\System32\USER32.dll
0x00007ffc477e0000 - 0x00007ffc47802000 	C:\WINDOWS\System32\win32u.dll
0x00007ffc48d90000 - 0x00007ffc48dbc000 	C:\WINDOWS\System32\GDI32.dll
0x00007ffc47810000 - 0x00007ffc47925000 	C:\WINDOWS\System32\gdi32full.dll
0x00007ffc47630000 - 0x00007ffc476cd000 	C:\WINDOWS\System32\msvcp_win.dll
0x00007ffc23a60000 - 0x00007ffc23cfa000 	C:\WINDOWS\WinSxS\amd64_microsoft.windows.common-controls_6595b64144ccf1df_6.0.19041.1110_none_60b5254171f9507e\COMCTL32.dll
0x00007ffc3f3c0000 - 0x00007ffc3f3ca000 	C:\WINDOWS\SYSTEM32\VERSION.dll
0x00007ffc48dc0000 - 0x00007ffc48df0000 	C:\WINDOWS\System32\IMM32.DLL
0x00007ffc20010000 - 0x00007ffc200ab000 	C:\Program Files\Java\jdk-11.0.10\bin\msvcp140.dll
0x00007ffbe3c90000 - 0x00007ffbe478b000 	C:\Program Files\Java\jdk-11.0.10\bin\server\jvm.dll
0x00007ffc484b0000 - 0x00007ffc484b8000 	C:\WINDOWS\System32\PSAPI.DLL
0x00007ffc32ab0000 - 0x00007ffc32ab9000 	C:\WINDOWS\SYSTEM32\WSOCK32.dll
0x00007ffc486c0000 - 0x00007ffc4872b000 	C:\WINDOWS\System32\WS2_32.dll
0x00007ffc2fe20000 - 0x00007ffc2fe47000 	C:\WINDOWS\SYSTEM32\WINMM.dll
0x00007ffc45b40000 - 0x00007ffc45b52000 	C:\WINDOWS\SYSTEM32\kernel.appcore.dll
0x00007ffc40930000 - 0x00007ffc40940000 	C:\Program Files\Java\jdk-11.0.10\bin\verify.dll
0x00007ffc45010000 - 0x00007ffc451f4000 	C:\WINDOWS\SYSTEM32\DBGHELP.DLL
0x00007ffc37b30000 - 0x00007ffc37b64000 	C:\WINDOWS\SYSTEM32\dbgcore.DLL
0x00007ffc47700000 - 0x00007ffc47782000 	C:\WINDOWS\System32\bcryptPrimitives.dll
0x00007ffc35110000 - 0x00007ffc35138000 	C:\Program Files\Java\jdk-11.0.10\bin\java.dll
0x00007ffc3f750000 - 0x00007ffc3f75a000 	C:\Program Files\Java\jdk-11.0.10\bin\jimage.dll
0x00007ffc35070000 - 0x00007ffc35086000 	C:\Program Files\Java\jdk-11.0.10\bin\zip.dll

dbghelp: loaded successfully - version: 4.0.5 - missing functions: none
symbol engine: initialized successfully - sym options: 0x614 - pdb path: .;C:\Program Files\Java\jdk-11.0.10\bin;C:\WINDOWS\SYSTEM32;C:\WINDOWS\WinSxS\amd64_microsoft.windows.common-controls_6595b64144ccf1df_6.0.19041.1110_none_60b5254171f9507e;C:\Program Files\Java\jdk-11.0.10\bin\server

VM Arguments:
jvm_args: -Dfile.encoding=windows-1252 
java_command: mvc.DrawingApp
java_class_path (initial): C:\Users\PC\Desktop\Dizajnerski-projekat\IT3-2020-Jovana-Tunic\DizajnerskiObrasci\bin;C:\Users\PC\Downloads\heksagon.jar
Launcher Type: SUN_STANDARD

[Global flags]
     intx CICompilerCount                          = 3                                         {product} {ergonomic}
     uint ConcGCThreads                            = 1                                         {product} {ergonomic}
     uint G1ConcRefinementThreads                  = 4                                         {product} {ergonomic}
   size_t G1HeapRegionSize                         = 1048576                                   {product} {ergonomic}
    uintx GCDrainStackTargetSize                   = 64                                        {product} {ergonomic}
   size_t InitialHeapSize                          = 67108864                                  {product} {ergonomic}
   size_t MarkStackSize                            = 4194304                                   {product} {ergonomic}
   size_t MaxHeapSize                              = 1052770304                                {product} {ergonomic}
   size_t MinHeapDeltaBytes                        = 1048576                                   {product} {ergonomic}
    uintx NonNMethodCodeHeapSize                   = 5830732                                {pd product} {ergonomic}
    uintx NonProfiledCodeHeapSize                  = 122913754                              {pd product} {ergonomic}
    uintx ProfiledCodeHeapSize                     = 122913754                              {pd product} {ergonomic}
    uintx ReservedCodeCacheSize                    = 251658240                              {pd product} {ergonomic}
     bool SegmentedCodeCache                       = true                                      {product} {ergonomic}
     bool UseCompressedClassPointers               = true                                 {lp64_product} {ergonomic}
     bool UseCompressedOops                        = true                                 {lp64_product} {ergonomic}
     bool UseG1GC                                  = true                                      {product} {ergonomic}
     bool UseLargePagesIndividualAllocation        = false                                  {pd product} {ergonomic}

Logging:
Log output configuration:
 #0: stdout all=warning uptime,level,tags
 #1: stderr all=off uptime,level,tags

Environment Variables:
PATH=C:/Users/PC/.p2/pool/plugins/org.eclipse.justj.openjdk.hotspot.jre.full.win32.x86_64_17.0.8.v20230801-1951/jre/bin/server;C:/Users/PC/.p2/pool/plugins/org.eclipse.justj.openjdk.hotspot.jre.full.win32.x86_64_17.0.8.v20230801-1951/jre/bin;C:\Program Files\Common Files\Oracle\Java\javapath;C:\Program Files (x86)\Common Files\Oracle\Java\javapath;C:\WINDOWS\system32;C:\WINDOWS;C:\WINDOWS\System32\Wbem;C:\WINDOWS\System32\WindowsPowerShell\v1.0\;C:\WINDOWS\System32\OpenSSH\;C:\Program Files\Git\cmd;C:\Program Files\Microsoft SQL Server\Client SDK\ODBC\170\Tools\Binn\;C:\Program Files (x86)\Microsoft SQL Server\150\Tools\Binn\;C:\Program Files\Microsoft SQL Server\150\Tools\Binn\;C:\Program Files\Microsoft SQL Server\150\DTS\Binn\;C:\Program Files (x86)\Microsoft SQL Server\150\DTS\Binn\;C:\Program Files\Azure Data Studio\bin;C:\Program Files\dotnet\;C:\Program Files\nodejs\;C:\Users\PC\AppData\Local\Microsoft\WindowsApps;C:\Users\PC\.dotnet\tools;C:\Users\PC\AppData\Local\Programs\Microsoft VS Code\bin;;C:\Program Files\Azure Data Studio\bin;C:\Users\PC\AppData\Roaming\npm;C:\Users\PC\Desktop;
USERNAME=PC
OS=Windows_NT
PROCESSOR_IDENTIFIER=Intel64 Family 6 Model 61 Stepping 4, GenuineIntel



---------------  S Y S T E M  ---------------

OS: Windows 10 , 64 bit Build 19041 (10.0.19041.3155)

CPU:total 4 (initial active 4) (2 cores per cpu, 2 threads per core) family 6 model 61 stepping 4 microcode 0x2d, cmov, cx8, fxsr, mmx, sse, sse2, sse3, ssse3, sse4.1, sse4.2, popcnt, avx, avx2, aes, clmul, erms, 3dnowpref, lzcnt, ht, tsc, tscinvbit, bmi1, bmi2, adx, fma

Memory: 4k page, system-wide physical 4008M (242M free)
TotalPageFile size 16296M (AvailPageFile size 47M)
current process WorkingSet (physical memory assigned to process): 10M, peak: 10M
current process commit charge ("private bytes"): 51M, peak: 115M

vm_info: Java HotSpot(TM) 64-Bit Server VM (11.0.10+8-LTS-162) for windows-amd64 JRE (11.0.10+8-LTS-162), built on Dec  8 2020 16:32:57 by "mach5one" with MS VC++ 15.9 (VS2017)

END.
